<?xml version="1.0" encoding="UTF-8"?>
<!-- Generated by org.testng.reporters.JUnitXMLReporter -->
<testsuite ignored="6" hostname="DESKTOP-7GC1PIP" failures="0" tests="1" name="Default test" time="35.211" errors="0" timestamp="2023-11-07T18:49:49 IST">
  <testcase classname="com.mohs10.scripts.HomeTest" name="Validate_readlink" time="27.6"/>
  <testcase classname="com.mohs10.scripts.HomeTest" name="Validate_Logo" time="0.0">
    <ignored/>
  </testcase> <!-- Validate_Logo -->
  <testcase classname="com.mohs10.scripts.HomeTest" name="Validate_title" time="0.0">
    <ignored/>
  </testcase> <!-- Validate_title -->
  <testcase classname="com.mohs10.scripts.HomeTest" name="Showcase_seriesPage" time="0.0">
    <ignored/>
  </testcase> <!-- Showcase_seriesPage -->
  <testcase classname="com.mohs10.scripts.HomeTest" name="Validate_Email" time="0.0">
    <ignored/>
  </testcase> <!-- Validate_Email -->
  <testcase classname="com.mohs10.scripts.HomeTest" name="Validate_Keyword" time="0.0">
    <ignored/>
  </testcase> <!-- Validate_Keyword -->
  <testcase classname="com.mohs10.scripts.HomeTest" name="Showcase_series" time="0.0">
    <ignored/>
  </testcase> <!-- Showcase_series -->
</testsuite> <!-- Default test -->
