<?xml version="1.0" encoding="UTF-8"?>
<!-- Generated by org.testng.reporters.JUnitXMLReporter -->
<testsuite ignored="0" hostname="DESKTOP-7GC1PIP" failures="0" tests="8" name="Test" time="300.736" errors="0" timestamp="2023-07-17T13:42:14 IST">
  <testcase classname="com.mohs10.scripts.HomeTest" name="Validate_title" time="64.648"/>
  <testcase classname="com.mohs10.scripts.HomeTest" name="Validate_Logo" time="31.507"/>
  <testcase classname="com.mohs10.scripts.HomeTest" name="Validate_Email" time="14.807"/>
  <testcase classname="com.mohs10.scripts.HomeTest" name="Validate_Keyword" time="18.65"/>
  <testcase classname="com.mohs10.scripts.HomeTest" name="Validate_readlink" time="24.514"/>
  <testcase classname="com.mohs10.scripts.HomeTest" name="Showcase_seriesPage" time="66.609"/>
  <testcase classname="com.mohs10.scripts.HomeTest" name="Showcase_series" time="44.824"/>
  <testcase classname="TAF_PDFReport.PDFReportTest" name="PDFreports" time="11.505"/>
</testsuite> <!-- Test -->
