<?xml version="1.0" encoding="UTF-8"?>
<!-- Generated by org.testng.reporters.JUnitXMLReporter -->
<testsuite ignored="0" hostname="DESKTOP-7GC1PIP" failures="0" tests="8" name="Test" time="241.693" errors="0" timestamp="2023-11-20T17:24:41 IST">
  <testcase classname="com.mohs10.scripts.HomeTest" name="Validate_title" time="36.26"/>
  <testcase classname="com.mohs10.scripts.HomeTest" name="Validate_Logo" time="21.323"/>
  <testcase classname="com.mohs10.scripts.HomeTest" name="Validate_Email" time="13.863"/>
  <testcase classname="com.mohs10.scripts.HomeTest" name="Validate_Keyword" time="18.778"/>
  <testcase classname="com.mohs10.scripts.HomeTest" name="Validate_readlink" time="25.253"/>
  <testcase classname="com.mohs10.scripts.HomeTest" name="Showcase_seriesPage" time="68.339"/>
  <testcase classname="com.mohs10.scripts.HomeTest" name="Showcase_series" time="42.894"/>
  <testcase classname="TAF_PDFReport.PDFReportTest" name="PDFreports" time="3.6"/>
</testsuite> <!-- Test -->
