<?xml version="1.0" encoding="UTF-8"?>
<testng-results ignored="0" total="8" passed="8" failed="0" skipped="0">
  <reporter-output>
  </reporter-output>
  <suite started-at="2023-11-07T18:50:40 IST" name="Suite" finished-at="2023-11-07T18:54:30 IST" duration-ms="229537">
    <groups>
    </groups>
    <test started-at="2023-11-07T18:50:40 IST" name="Test" finished-at="2023-11-07T18:54:30 IST" duration-ms="229537">
      <class name="TAF_PDFReport.PDFReportTest">
        <test-method is-config="true" signature="generateReport()[pri:0, instance:TAF_PDFReport.PDFReportTest@46cdf8bd]" started-at="2023-11-07T18:50:40 IST" name="generateReport" finished-at="2023-11-07T18:50:41 IST" duration-ms="830" status="PASS">
          <reporter-output>
          </reporter-output>
        </test-method> <!-- generateReport -->
        <test-method is-config="true" signature="beforeClass()[pri:0, instance:TAF_PDFReport.PDFReportTest@46cdf8bd]" started-at="2023-11-07T18:54:17 IST" name="beforeClass" finished-at="2023-11-07T18:54:24 IST" duration-ms="6791" status="PASS">
          <reporter-output>
          </reporter-output>
        </test-method> <!-- beforeClass -->
        <test-method is-config="true" signature="methodName(java.lang.reflect.Method)[pri:0, instance:TAF_PDFReport.PDFReportTest@46cdf8bd]" started-at="2023-11-07T18:54:24 IST" name="methodName" finished-at="2023-11-07T18:54:24 IST" duration-ms="1" status="PASS">
          <params>
            <param index="0">
              <value>
                <![CDATA[public void TAF_PDFReport.PDFReportTest.PDFreports() throws java.io.IOException,java.lang.InterruptedException]]>
              </value>
            </param>
          </params>
          <reporter-output>
          </reporter-output>
        </test-method> <!-- methodName -->
        <test-method signature="PDFreports()[pri:0, instance:TAF_PDFReport.PDFReportTest@46cdf8bd]" started-at="2023-11-07T18:54:24 IST" name="PDFreports" finished-at="2023-11-07T18:54:30 IST" duration-ms="6220" status="PASS">
          <reporter-output>
          </reporter-output>
        </test-method> <!-- PDFreports -->
        <test-method is-config="true" signature="afterClass()[pri:0, instance:TAF_PDFReport.PDFReportTest@46cdf8bd]" started-at="2023-11-07T18:54:30 IST" name="afterClass" finished-at="2023-11-07T18:54:30 IST" duration-ms="129" status="PASS">
          <reporter-output>
          </reporter-output>
        </test-method> <!-- afterClass -->
      </class> <!-- TAF_PDFReport.PDFReportTest -->
      <class name="com.mohs10.scripts.HomeTest">
        <test-method is-config="true" signature="generateReport()[pri:0, instance:com.mohs10.scripts.HomeTest@d86a6f]" started-at="2023-11-07T18:50:41 IST" name="generateReport" finished-at="2023-11-07T18:50:41 IST" duration-ms="1" status="PASS">
          <reporter-output>
          </reporter-output>
        </test-method> <!-- generateReport -->
        <test-method is-config="true" signature="beforeClass()[pri:0, instance:com.mohs10.scripts.HomeTest@d86a6f]" started-at="2023-11-07T18:50:41 IST" name="beforeClass" finished-at="2023-11-07T18:50:45 IST" duration-ms="3348" status="PASS">
          <reporter-output>
          </reporter-output>
        </test-method> <!-- beforeClass -->
        <test-method is-config="true" signature="methodName(java.lang.reflect.Method)[pri:0, instance:com.mohs10.scripts.HomeTest@d86a6f]" started-at="2023-11-07T18:50:45 IST" name="methodName" finished-at="2023-11-07T18:50:45 IST" duration-ms="29" status="PASS">
          <params>
            <param index="0">
              <value>
                <![CDATA[public void com.mohs10.scripts.HomeTest.Validate_title() throws java.lang.Exception]]>
              </value>
            </param>
          </params>
          <reporter-output>
          </reporter-output>
        </test-method> <!-- methodName -->
        <test-method signature="Validate_title()[pri:0, instance:com.mohs10.scripts.HomeTest@d86a6f]" started-at="2023-11-07T18:50:45 IST" name="Validate_title" finished-at="2023-11-07T18:51:17 IST" duration-ms="32820" status="PASS">
          <reporter-output>
          </reporter-output>
        </test-method> <!-- Validate_title -->
        <test-method signature="Validate_Logo()[pri:1, instance:com.mohs10.scripts.HomeTest@d86a6f]" started-at="2023-11-07T18:51:17 IST" name="Validate_Logo" finished-at="2023-11-07T18:51:36 IST" duration-ms="18830" status="PASS">
          <reporter-output>
          </reporter-output>
        </test-method> <!-- Validate_Logo -->
        <test-method is-config="true" signature="methodName(java.lang.reflect.Method)[pri:0, instance:com.mohs10.scripts.HomeTest@d86a6f]" started-at="2023-11-07T18:51:17 IST" name="methodName" finished-at="2023-11-07T18:51:17 IST" duration-ms="0" status="PASS">
          <params>
            <param index="0">
              <value>
                <![CDATA[public void com.mohs10.scripts.HomeTest.Validate_Logo() throws java.lang.Exception]]>
              </value>
            </param>
          </params>
          <reporter-output>
          </reporter-output>
        </test-method> <!-- methodName -->
        <test-method is-config="true" signature="methodName(java.lang.reflect.Method)[pri:0, instance:com.mohs10.scripts.HomeTest@d86a6f]" started-at="2023-11-07T18:51:36 IST" name="methodName" finished-at="2023-11-07T18:51:36 IST" duration-ms="1" status="PASS">
          <params>
            <param index="0">
              <value>
                <![CDATA[public void com.mohs10.scripts.HomeTest.Validate_Email() throws java.lang.Exception]]>
              </value>
            </param>
          </params>
          <reporter-output>
          </reporter-output>
        </test-method> <!-- methodName -->
        <test-method signature="Validate_Email()[pri:2, instance:com.mohs10.scripts.HomeTest@d86a6f]" started-at="2023-11-07T18:51:36 IST" name="Validate_Email" finished-at="2023-11-07T18:51:49 IST" duration-ms="13099" status="PASS">
          <reporter-output>
          </reporter-output>
        </test-method> <!-- Validate_Email -->
        <test-method is-config="true" signature="methodName(java.lang.reflect.Method)[pri:0, instance:com.mohs10.scripts.HomeTest@d86a6f]" started-at="2023-11-07T18:51:49 IST" name="methodName" finished-at="2023-11-07T18:51:49 IST" duration-ms="0" status="PASS">
          <params>
            <param index="0">
              <value>
                <![CDATA[public void com.mohs10.scripts.HomeTest.Validate_Keyword() throws java.lang.Exception]]>
              </value>
            </param>
          </params>
          <reporter-output>
          </reporter-output>
        </test-method> <!-- methodName -->
        <test-method signature="Validate_Keyword()[pri:3, instance:com.mohs10.scripts.HomeTest@d86a6f]" started-at="2023-11-07T18:51:49 IST" name="Validate_Keyword" finished-at="2023-11-07T18:52:08 IST" duration-ms="18293" status="PASS">
          <reporter-output>
          </reporter-output>
        </test-method> <!-- Validate_Keyword -->
        <test-method is-config="true" signature="methodName(java.lang.reflect.Method)[pri:0, instance:com.mohs10.scripts.HomeTest@d86a6f]" started-at="2023-11-07T18:52:08 IST" name="methodName" finished-at="2023-11-07T18:52:08 IST" duration-ms="0" status="PASS">
          <params>
            <param index="0">
              <value>
                <![CDATA[public void com.mohs10.scripts.HomeTest.Validate_readlink() throws java.lang.Exception]]>
              </value>
            </param>
          </params>
          <reporter-output>
          </reporter-output>
        </test-method> <!-- methodName -->
        <test-method signature="Validate_readlink()[pri:4, instance:com.mohs10.scripts.HomeTest@d86a6f]" started-at="2023-11-07T18:52:08 IST" name="Validate_readlink" finished-at="2023-11-07T18:52:30 IST" duration-ms="22224" status="PASS">
          <reporter-output>
          </reporter-output>
        </test-method> <!-- Validate_readlink -->
        <test-method signature="Showcase_seriesPage()[pri:5, instance:com.mohs10.scripts.HomeTest@d86a6f]" started-at="2023-11-07T18:52:30 IST" name="Showcase_seriesPage" finished-at="2023-11-07T18:53:33 IST" duration-ms="63460" status="PASS">
          <reporter-output>
          </reporter-output>
        </test-method> <!-- Showcase_seriesPage -->
        <test-method is-config="true" signature="methodName(java.lang.reflect.Method)[pri:0, instance:com.mohs10.scripts.HomeTest@d86a6f]" started-at="2023-11-07T18:52:30 IST" name="methodName" finished-at="2023-11-07T18:52:30 IST" duration-ms="0" status="PASS">
          <params>
            <param index="0">
              <value>
                <![CDATA[public void com.mohs10.scripts.HomeTest.Showcase_seriesPage() throws java.lang.Exception]]>
              </value>
            </param>
          </params>
          <reporter-output>
          </reporter-output>
        </test-method> <!-- methodName -->
        <test-method is-config="true" signature="methodName(java.lang.reflect.Method)[pri:0, instance:com.mohs10.scripts.HomeTest@d86a6f]" started-at="2023-11-07T18:53:33 IST" name="methodName" finished-at="2023-11-07T18:53:33 IST" duration-ms="2" status="PASS">
          <params>
            <param index="0">
              <value>
                <![CDATA[public void com.mohs10.scripts.HomeTest.Showcase_series() throws java.lang.Exception]]>
              </value>
            </param>
          </params>
          <reporter-output>
          </reporter-output>
        </test-method> <!-- methodName -->
        <test-method signature="Showcase_series()[pri:6, instance:com.mohs10.scripts.HomeTest@d86a6f]" started-at="2023-11-07T18:53:33 IST" name="Showcase_series" finished-at="2023-11-07T18:54:15 IST" duration-ms="41828" status="PASS">
          <reporter-output>
          </reporter-output>
        </test-method> <!-- Showcase_series -->
        <test-method is-config="true" signature="afterClass()[pri:0, instance:com.mohs10.scripts.HomeTest@d86a6f]" started-at="2023-11-07T18:54:15 IST" name="afterClass" finished-at="2023-11-07T18:54:17 IST" duration-ms="1547" status="PASS">
          <reporter-output>
          </reporter-output>
        </test-method> <!-- afterClass -->
      </class> <!-- com.mohs10.scripts.HomeTest -->
    </test> <!-- Test -->
  </suite> <!-- Suite -->
</testng-results>
