<?xml version="1.0" encoding="UTF-8"?>
<testng-results ignored="0" total="1" passed="1" failed="0" skipped="0">
  <reporter-output>
  </reporter-output>
  <suite started-at="2023-11-20T16:35:30 IST" name="Suite" finished-at="2023-11-20T16:35:39 IST" duration-ms="9668">
    <groups>
    </groups>
    <test started-at="2023-11-20T16:35:30 IST" name="Test" finished-at="2023-11-20T16:35:39 IST" duration-ms="9668">
      <class name="TAF_PDFReport.PDFReportTest">
        <test-method is-config="true" signature="generateReport()[pri:0, instance:TAF_PDFReport.PDFReportTest@20140db9]" started-at="2023-11-20T16:35:30 IST" name="generateReport" finished-at="2023-11-20T16:35:30 IST" duration-ms="574" status="PASS">
          <reporter-output>
          </reporter-output>
        </test-method> <!-- generateReport -->
        <test-method is-config="true" signature="beforeClass()[pri:0, instance:TAF_PDFReport.PDFReportTest@20140db9]" started-at="2023-11-20T16:35:30 IST" name="beforeClass" finished-at="2023-11-20T16:35:35 IST" duration-ms="5132" status="PASS">
          <reporter-output>
          </reporter-output>
        </test-method> <!-- beforeClass -->
        <test-method is-config="true" signature="methodName(java.lang.reflect.Method)[pri:0, instance:TAF_PDFReport.PDFReportTest@20140db9]" started-at="2023-11-20T16:35:36 IST" name="methodName" finished-at="2023-11-20T16:35:36 IST" duration-ms="9" status="PASS">
          <params>
            <param index="0">
              <value>
                <![CDATA[public void TAF_PDFReport.PDFReportTest.PDFreports() throws java.io.IOException,java.lang.InterruptedException]]>
              </value>
            </param>
          </params>
          <reporter-output>
          </reporter-output>
        </test-method> <!-- methodName -->
        <test-method signature="PDFreports()[pri:0, instance:TAF_PDFReport.PDFReportTest@20140db9]" started-at="2023-11-20T16:35:36 IST" name="PDFreports" finished-at="2023-11-20T16:35:39 IST" duration-ms="3532" status="PASS">
          <reporter-output>
          </reporter-output>
        </test-method> <!-- PDFreports -->
        <test-method is-config="true" signature="afterClass()[pri:0, instance:TAF_PDFReport.PDFReportTest@20140db9]" started-at="2023-11-20T16:35:39 IST" name="afterClass" finished-at="2023-11-20T16:35:39 IST" duration-ms="384" status="PASS">
          <reporter-output>
          </reporter-output>
        </test-method> <!-- afterClass -->
      </class> <!-- TAF_PDFReport.PDFReportTest -->
    </test> <!-- Test -->
  </suite> <!-- Suite -->
</testng-results>
